c:\users\58472\desktop\2023_hew_master\2024_springintern\internproject\x64\debug\internproject.bsc
c:\users\58472\desktop\2023_hew_master\2024_springintern\internproject\internproject\x64\debug\vc143.pdb
c:\users\58472\desktop\2023_hew_master\2024_springintern\internproject\internproject\x64\debug\vc143.idb
c:\users\58472\desktop\2023_hew_master\2024_springintern\internproject\internproject\x64\debug\animation.sbr
c:\users\58472\desktop\2023_hew_master\2024_springintern\internproject\internproject\x64\debug\boxcollider.sbr
c:\users\58472\desktop\2023_hew_master\2024_springintern\internproject\internproject\x64\debug\camerashaker.sbr
c:\users\58472\desktop\2023_hew_master\2024_springintern\internproject\internproject\x64\debug\canvasui.sbr
c:\users\58472\desktop\2023_hew_master\2024_springintern\internproject\internproject\x64\debug\clearmanager.sbr
c:\users\58472\desktop\2023_hew_master\2024_springintern\internproject\internproject\x64\debug\collider.sbr
c:\users\58472\desktop\2023_hew_master\2024_springintern\internproject\internproject\x64\debug\debuglog.sbr
c:\users\58472\desktop\2023_hew_master\2024_springintern\internproject\internproject\x64\debug\debugmanager.sbr
c:\users\58472\desktop\2023_hew_master\2024_springintern\internproject\internproject\x64\debug\effect.sbr
c:\users\58472\desktop\2023_hew_master\2024_springintern\internproject\internproject\x64\debug\fade.sbr
c:\users\58472\desktop\2023_hew_master\2024_springintern\internproject\internproject\x64\debug\gameobject2d.sbr
c:\users\58472\desktop\2023_hew_master\2024_springintern\internproject\internproject\x64\debug\kinput.sbr
c:\users\58472\desktop\2023_hew_master\2024_springintern\internproject\internproject\x64\debug\layermanager.sbr
c:\users\58472\desktop\2023_hew_master\2024_springintern\internproject\internproject\x64\debug\modelmanager.sbr
c:\users\58472\desktop\2023_hew_master\2024_springintern\internproject\internproject\x64\debug\camera.sbr
c:\users\58472\desktop\2023_hew_master\2024_springintern\internproject\internproject\x64\debug\object2d.sbr
c:\users\58472\desktop\2023_hew_master\2024_springintern\internproject\internproject\x64\debug\railmanager.sbr
c:\users\58472\desktop\2023_hew_master\2024_springintern\internproject\internproject\x64\debug\resultanimator.sbr
c:\users\58472\desktop\2023_hew_master\2024_springintern\internproject\internproject\x64\debug\resultmanager.sbr
c:\users\58472\desktop\2023_hew_master\2024_springintern\internproject\internproject\x64\debug\resultprocess.sbr
c:\users\58472\desktop\2023_hew_master\2024_springintern\internproject\internproject\x64\debug\resultprocess.obj
c:\users\58472\desktop\2023_hew_master\2024_springintern\internproject\internproject\x64\debug\resultmanager.obj
c:\users\58472\desktop\2023_hew_master\2024_springintern\internproject\internproject\x64\debug\resultanimator.obj
c:\users\58472\desktop\2023_hew_master\2024_springintern\internproject\internproject\x64\debug\railmanager.obj
c:\users\58472\desktop\2023_hew_master\2024_springintern\internproject\internproject\x64\debug\object2d.obj
c:\users\58472\desktop\2023_hew_master\2024_springintern\internproject\internproject\x64\debug\camera.obj
c:\users\58472\desktop\2023_hew_master\2024_springintern\internproject\internproject\x64\debug\modelmanager.obj
c:\users\58472\desktop\2023_hew_master\2024_springintern\internproject\internproject\x64\debug\layermanager.obj
c:\users\58472\desktop\2023_hew_master\2024_springintern\internproject\internproject\x64\debug\kinput.obj
c:\users\58472\desktop\2023_hew_master\2024_springintern\internproject\internproject\x64\debug\gameobject2d.obj
c:\users\58472\desktop\2023_hew_master\2024_springintern\internproject\internproject\x64\debug\fade.obj
c:\users\58472\desktop\2023_hew_master\2024_springintern\internproject\internproject\x64\debug\effect.obj
c:\users\58472\desktop\2023_hew_master\2024_springintern\internproject\internproject\x64\debug\debugmanager.obj
c:\users\58472\desktop\2023_hew_master\2024_springintern\internproject\internproject\x64\debug\debuglog.obj
c:\users\58472\desktop\2023_hew_master\2024_springintern\internproject\internproject\x64\debug\collider.obj
c:\users\58472\desktop\2023_hew_master\2024_springintern\internproject\internproject\x64\debug\clearmanager.obj
c:\users\58472\desktop\2023_hew_master\2024_springintern\internproject\internproject\x64\debug\canvasui.obj
c:\users\58472\desktop\2023_hew_master\2024_springintern\internproject\internproject\x64\debug\camerashaker.obj
c:\users\58472\desktop\2023_hew_master\2024_springintern\internproject\internproject\x64\debug\boxcollider.obj
c:\users\58472\desktop\2023_hew_master\2024_springintern\internproject\internproject\x64\debug\animation.obj
c:\users\58472\desktop\2023_hew_master\2024_springintern\internproject\internproject\x64\debug\scenemanager.sbr
c:\users\58472\desktop\2023_hew_master\2024_springintern\internproject\internproject\x64\debug\shadowobject.sbr
c:\users\58472\desktop\2023_hew_master\2024_springintern\internproject\internproject\x64\debug\spherecollider.sbr
c:\users\58472\desktop\2023_hew_master\2024_springintern\internproject\internproject\x64\debug\sprite2d.sbr
c:\users\58472\desktop\2023_hew_master\2024_springintern\internproject\internproject\x64\debug\directx3d.sbr
c:\users\58472\desktop\2023_hew_master\2024_springintern\internproject\internproject\x64\debug\game.sbr
c:\users\58472\desktop\2023_hew_master\2024_springintern\internproject\internproject\x64\debug\model.sbr
c:\users\58472\desktop\2023_hew_master\2024_springintern\internproject\internproject\x64\debug\object3d.sbr
c:\users\58472\desktop\2023_hew_master\2024_springintern\internproject\internproject\x64\debug\scene.sbr
c:\users\58472\desktop\2023_hew_master\2024_springintern\internproject\internproject\x64\debug\sprite3d.sbr
c:\users\58472\desktop\2023_hew_master\2024_springintern\internproject\internproject\x64\debug\stage.sbr
c:\users\58472\desktop\2023_hew_master\2024_springintern\internproject\internproject\x64\debug\staticobject.sbr
c:\users\58472\desktop\2023_hew_master\2024_springintern\internproject\internproject\x64\debug\uimanager.sbr
c:\users\58472\desktop\2023_hew_master\2024_springintern\internproject\internproject\x64\debug\wictextureloader.sbr
c:\users\58472\desktop\2023_hew_master\2024_springintern\internproject\internproject\x64\debug\winmain.sbr
c:\users\58472\desktop\2023_hew_master\2024_springintern\internproject\internproject\x64\debug\xa2.sbr
c:\users\58472\desktop\2023_hew_master\2024_springintern\internproject\internproject\x64\debug\xa2.obj
c:\users\58472\desktop\2023_hew_master\2024_springintern\internproject\internproject\x64\debug\winmain.obj
c:\users\58472\desktop\2023_hew_master\2024_springintern\internproject\internproject\x64\debug\wictextureloader.obj
c:\users\58472\desktop\2023_hew_master\2024_springintern\internproject\internproject\x64\debug\uimanager.obj
c:\users\58472\desktop\2023_hew_master\2024_springintern\internproject\internproject\x64\debug\staticobject.obj
c:\users\58472\desktop\2023_hew_master\2024_springintern\internproject\internproject\x64\debug\stage.obj
c:\users\58472\desktop\2023_hew_master\2024_springintern\internproject\internproject\x64\debug\sprite3d.obj
c:\users\58472\desktop\2023_hew_master\2024_springintern\internproject\internproject\x64\debug\scene.obj
c:\users\58472\desktop\2023_hew_master\2024_springintern\internproject\internproject\x64\debug\object3d.obj
c:\users\58472\desktop\2023_hew_master\2024_springintern\internproject\internproject\x64\debug\model.obj
c:\users\58472\desktop\2023_hew_master\2024_springintern\internproject\internproject\x64\debug\game.obj
c:\users\58472\desktop\2023_hew_master\2024_springintern\internproject\internproject\x64\debug\directx3d.obj
c:\users\58472\desktop\2023_hew_master\2024_springintern\internproject\internproject\x64\debug\sprite2d.obj
c:\users\58472\desktop\2023_hew_master\2024_springintern\internproject\internproject\x64\debug\spherecollider.obj
c:\users\58472\desktop\2023_hew_master\2024_springintern\internproject\internproject\x64\debug\shadowobject.obj
c:\users\58472\desktop\2023_hew_master\2024_springintern\internproject\internproject\x64\debug\scenemanager.obj
c:\users\58472\desktop\2023_hew_master\2024_springintern\internproject\internproject\pixelshader.h
c:\users\58472\desktop\2023_hew_master\2024_springintern\internproject\x64\debug\pixelshader.cso
c:\users\58472\desktop\2023_hew_master\2024_springintern\internproject\internproject\vertexshader.h
c:\users\58472\desktop\2023_hew_master\2024_springintern\internproject\x64\debug\vertexshader.cso
c:\users\58472\desktop\2023_hew_master\2024_springintern\internproject\x64\debug\internproject.exe
c:\users\58472\desktop\2023_hew_master\2024_springintern\internproject\internproject\x64\debug\internproject.ilk
c:\users\58472\desktop\2023_hew_master\2024_springintern\internproject\x64\debug\internproject.pdb
c:\users\58472\desktop\2023_hew_master\2024_springintern\internproject\internproject\x64\debug\gameobject2d.obj.enc
c:\users\58472\desktop\2023_hew_master\2024_springintern\internproject\internproject\x64\debug\internproject.tlog\bscmake.command.1.tlog
c:\users\58472\desktop\2023_hew_master\2024_springintern\internproject\internproject\x64\debug\internproject.tlog\bscmake.read.1.tlog
c:\users\58472\desktop\2023_hew_master\2024_springintern\internproject\internproject\x64\debug\internproject.tlog\bscmake.write.1.tlog
c:\users\58472\desktop\2023_hew_master\2024_springintern\internproject\internproject\x64\debug\internproject.tlog\cl.command.1.tlog
c:\users\58472\desktop\2023_hew_master\2024_springintern\internproject\internproject\x64\debug\internproject.tlog\cl.read.1.tlog
c:\users\58472\desktop\2023_hew_master\2024_springintern\internproject\internproject\x64\debug\internproject.tlog\cl.write.1.tlog
c:\users\58472\desktop\2023_hew_master\2024_springintern\internproject\internproject\x64\debug\internproject.tlog\fxc.command.1.tlog
c:\users\58472\desktop\2023_hew_master\2024_springintern\internproject\internproject\x64\debug\internproject.tlog\fxc.read.1.tlog
c:\users\58472\desktop\2023_hew_master\2024_springintern\internproject\internproject\x64\debug\internproject.tlog\fxc.write.1.tlog
c:\users\58472\desktop\2023_hew_master\2024_springintern\internproject\internproject\x64\debug\internproject.tlog\link.command.1.tlog
c:\users\58472\desktop\2023_hew_master\2024_springintern\internproject\internproject\x64\debug\internproject.tlog\link.read.1.tlog
c:\users\58472\desktop\2023_hew_master\2024_springintern\internproject\internproject\x64\debug\internproject.tlog\link.write.1.tlog
